
Copyright (C) 1994-2023 Synopsys, Inc.
This Synopsys software and all associated documentation are proprietary to Synopsys, Inc.
and may only be used pursuant to the terms and conditions of a written license agreement
with Synopsys, Inc. All other use, reproduction, modification, or distribution of the
Synopsys software or the associated documentation is strictly prohibited.
Tool: Synplify Pro (R)
Build: V-2023.09L-2
Install: C:\Windows\latticediamond\synpbase
OS: Windows 10 or later
Hostname: AGSCHMITT_WORK

Implementation : impl1

# Written on Fri May 29 15:05:12 2026

##### DESIGN INFO #######################################################

Top View:                "pca9561_clone_delay1"
Constraint File(s):      (none)




##### SUMMARY ############################################################

Found 0 issues in 0 out of 0 constraints


##### DETAILS ############################################################



Clock Relationships
*******************

Starting                                         Ending                                           |     rise to rise     |     fall to fall     |     rise to fall     |     fall to rise                     
-------------------------------------------------------------------------------------------------------------------------------------------------------------------------------------------------------------
System                                           pca9561_clone_delay1|clk_7m00_inferred_clock     |     142.857          |     No paths         |     No paths         |     No paths                         
pca9561_clone_delay1|clk_7m00_inferred_clock     System                                           |     142.857          |     No paths         |     No paths         |     No paths                         
pca9561_clone_delay1|clk_7m00_inferred_clock     pca9561_clone_delay1|clk_7m00_inferred_clock     |     142.857          |     No paths         |     No paths         |     No paths                         
=============================================================================================================================================================================================================
 Note: 'No paths' indicates there are no paths in the design for that pair of clock edges.
       'Diff grp' indicates that paths exist but the starting clock and ending clock are in different clock groups.


Unconstrained Start/End Points
******************************

p:a0
p:a1
p:dummy_in
p:mux_in[0]
p:mux_in[1]
p:mux_in[2]
p:mux_in[3]
p:mux_in[4]
p:mux_in[5]
p:mux_out_nfet_gate[0]
p:mux_out_nfet_gate[1]
p:mux_out_nfet_gate[2]
p:mux_out_nfet_gate[3]
p:mux_out_nfet_gate[4]
p:mux_out_nfet_gate[5]
p:mux_select
p:scl
p:sda (bidir end point)
p:sda (bidir start point)
p:wp


Inapplicable constraints
************************

(none)


Applicable constraints with issues
**********************************

(none)


Constraints with matching wildcard expressions
**********************************************

(none)


Library Report
**************


# End of Constraint Checker Report
