
Copyright (C) 1994-2023 Synopsys, Inc.
This Synopsys software and all associated documentation are proprietary to Synopsys, Inc.
and may only be used pursuant to the terms and conditions of a written license agreement
with Synopsys, Inc. All other use, reproduction, modification, or distribution of the
Synopsys software or the associated documentation is strictly prohibited.
Tool: Synplify Pro (R)
Build: V-2023.09L-2
Install: C:\Windows\latticediamond\synpbase
OS: Windows 10 or later
Hostname: AGSCHMITT_WORK

Implementation : impl1
Synopsys HDL compiler and linker, Version comp202309synp1, Build 349R, Built Sep 17 2024 08:16:26, @

Modified Files: 4
FID:  path (prevtimestamp, timestamp)
0        C:\Users\AmandaSchmitt\Desktop\psc16_rtl_attempt2\rtl\psc16_eeprom_nv.v (2026-05-29 14:30:47, N/A)
1        C:\Users\AmandaSchmitt\Desktop\psc16_rtl_attempt2\rtl\psc16_top.v (2026-05-29 14:29:41, N/A)
7        C:\Users\AmandaSchmitt\Downloads\pca9561_clone_delay1.v (N/A, 2026-05-29 13:10:08)
8        C:\Users\AmandaSchmitt\Downloads\pca9561_nv_storage.v (N/A, 2026-05-29 13:10:06)

*******************************************************************
Modules that may have changed as a result of file changes: 4
MID:  lib.cell.view
2        work.pca9561_clone_delay1.verilog may have changed because the following files changed:
                        C:\Users\AmandaSchmitt\Downloads\pca9561_clone_delay1.v (N/A, 2026-05-29 13:10:08) <-- (module definition)
3        work.pca9561_nv_storage.verilog may have changed because the following files changed:
                        C:\Users\AmandaSchmitt\Downloads\pca9561_clone_delay1.v (N/A, 2026-05-29 13:10:08) <-- (may instantiate this module)
                        C:\Users\AmandaSchmitt\Downloads\pca9561_nv_storage.v (N/A, 2026-05-29 13:10:06) <-- (module definition)
4        work.pca9561_ufm_efb.verilog may have changed because the following files changed:
                        C:\Users\AmandaSchmitt\Downloads\pca9561_clone_delay1.v (N/A, 2026-05-29 13:10:08) <-- (may instantiate this module)
                        C:\Users\AmandaSchmitt\Downloads\pca9561_nv_storage.v (N/A, 2026-05-29 13:10:06) <-- (module definition)
5        work.pca9561_wb_byte.verilog may have changed because the following files changed:
                        C:\Users\AmandaSchmitt\Downloads\pca9561_clone_delay1.v (N/A, 2026-05-29 13:10:08) <-- (may instantiate this module)
                        C:\Users\AmandaSchmitt\Downloads\pca9561_nv_storage.v (N/A, 2026-05-29 13:10:06) <-- (module definition)

*******************************************************************
Unmodified files: 5
FID:  path (timestamp)
2        C:\Windows\latticediamond\synpbase\lib\lucent\machxo2.v (2024-09-17 01:02:13)
3        C:\Windows\latticediamond\synpbase\lib\lucent\pmi_def.v (2024-09-23 18:33:10)
4        C:\Windows\latticediamond\synpbase\lib\vlog\hypermods.v (2024-09-23 18:33:35)
5        C:\Windows\latticediamond\synpbase\lib\vlog\scemi_objects.v (2024-09-23 18:33:35)
6        C:\Windows\latticediamond\synpbase\lib\vlog\scemi_pipes.svh (2024-09-23 18:33:35)

*******************************************************************
Unchanged modules: 0
MID:  lib.cell.view
